[NotebookApp | WARNING] No nbgrader_config.py file found (rerun with --debug to see where nbgrader is looking)
[NotebookApp | INFO] Loading the validate_assignment nbgrader serverextension
[NotebookApp | INFO] Serving notebooks from local directory: /Users/jinyan/Documents/PROJECT/Recommendation-System
[NotebookApp | INFO] 0 active kernels 
[NotebookApp | INFO] The Jupyter Notebook is running at: http://localhost:8889/?token=e3965d6f0ff2afe0e24c924fd8a6eafcb8f67bf0645f649b
[NotebookApp | INFO] Use Control-C to stop this server and shut down all kernels (twice to skip confirmation).
[NotebookApp | CRITICAL] 
    
    Copy/paste this URL into your browser when you connect for the first time,
    to login with a token:
        http://localhost:8889/?token=e3965d6f0ff2afe0e24c924fd8a6eafcb8f67bf0645f649b
[NotebookApp | INFO] Accepting one-time-token-authenticated connection from ::1
[NotebookApp | WARNING] No nbgrader_config.py file found. Rerun with DEBUG log level to see where nbgrader is looking.
[NotebookApp | CRITICAL] Unwritable directory, please contact your instructor: /srv/nbgrader/exchange
[NotebookApp | ERROR] Traceback (most recent call last):
      File "/Users/jinyan/anaconda/lib/python3.6/site-packages/nbgrader/server_extensions/assignment_list/handlers.py", line 63, in list_released_assignments
        assignments = lister.start()
      File "/Users/jinyan/anaconda/lib/python3.6/site-packages/nbgrader/exchange/list.py", line 129, in start
        super(ExchangeList, self).start()
      File "/Users/jinyan/anaconda/lib/python3.6/site-packages/nbgrader/exchange/exchange.py", line 122, in start
        self.ensure_root()
      File "/Users/jinyan/anaconda/lib/python3.6/site-packages/nbgrader/exchange/exchange.py", line 100, in ensure_root
        self.fail("Unwritable directory, please contact your instructor: {}".format(self.root))
      File "/Users/jinyan/anaconda/lib/python3.6/site-packages/nbgrader/exchange/exchange.py", line 78, in fail
        raise ExchangeError(msg)
    nbgrader.exchange.exchange.ExchangeError: Unwritable directory, please contact your instructor: /srv/nbgrader/exchange
    
[NotebookApp | INFO] Kernel started: 241c2791-9a26-42cf-8954-73c81e34b6bd
[NotebookApp | INFO] 302 GET /notebooks/document/bigdata.jpg (::1) 1.30ms
[NotebookApp | INFO] 302 GET /notebooks/document/workflow.jpeg (::1) 1.37ms
[NotebookApp | INFO] 302 GET /notebooks/document/bigdata.jpg (::1) 1.15ms
[NotebookApp | INFO] 302 GET /notebooks/document/workflow.jpeg (::1) 1.07ms
[NotebookApp | INFO] Saving file at /bigdata.ipynb
[NotebookApp | INFO] Saving file at /bigdata.ipynb
[NotebookApp | INFO] Saving file at /bigdata.ipynb
